[{"line":1,"elements":[{"start_timestamp":"2023-05-08T14:56:22.442Z","line":3,"name":"Check login is successful with valid credentials","description":"","id":"feature-to-test-login-functionality;check-login-is-successful-with-valid-credentials","type":"scenario","keyword":"Scenario","steps":[{"result":{"duration":7255818500,"status":"passed"},"line":4,"name":"user is on Loginpage","match":{"location":"stepDefinitions.loginsteps.user_loginpage()"},"keyword":"Given "},{"result":{"duration":203294200,"status":"passed"},"line":5,"name":"user enters username and password and language","match":{"location":"stepDefinitions.loginsteps.user_enterusernamed_password()"},"keyword":"When "},{"result":{"duration":6822470700,"status":"passed"},"line":6,"name":"clicks on login button","match":{"location":"stepDefinitions.loginsteps.click_submitbtn()"},"keyword":"And "},{"result":{"duration":7186400,"status":"passed"},"line":7,"name":"user is navigated to home page","match":{"location":"stepDefinitions.loginsteps.navigated_homepage()"},"keyword":"Then "}]},{"start_timestamp":"2023-05-08T14:56:36.755Z","line":9,"name":"Navigate to Menu Items","description":"","id":"feature-to-test-login-functionality;navigate-to-menu-items","type":"scenario","keyword":"Scenario","steps":[{"result":{"duration":16001700,"status":"passed"},"line":10,"name":"user is on client portal homepage","match":{"location":"stepDefinitions.resourcessteps.useronhomepage()"},"keyword":"Given "},{"result":{"duration":1819380700,"status":"passed"},"line":11,"name":"user clicks on Resources","match":{"location":"stepDefinitions.resourcessteps.clickonresources()"},"keyword":"When "},{"result":{"duration":55980900,"status":"passed"},"line":12,"name":"user clicks on menu","match":{"location":"stepDefinitions.resourcessteps.clickonmenu()"},"keyword":"And "},{"result":{"duration":2075533900,"status":"passed"},"line":13,"name":"user can navigate to menu items -dss","match":{"location":"stepDefinitions.resourcessteps.verifymenuitems()"},"keyword":"Then "}]},{"start_timestamp":"2023-05-08T14:56:40.744Z","line":15,"name":"Verify facilitator materials for DSS","description":"","id":"feature-to-test-login-functionality;verify-facilitator-materials-for-dss","type":"scenario","keyword":"Scenario","steps":[{"result":{"duration":2058660800,"status":"passed"},"line":16,"name":"user is on resources menu items -dss","match":{"location":"stepDefinitions.resourcessteps.dssresourcemenus()"},"keyword":"Given "},{"result":{"duration":6174762400,"status":"passed"},"line":17,"name":"user clicks on DSS facilitator materials","match":{"location":"stepDefinitions.dssresourcesteps.clickonfacilitatormaterials()"},"keyword":"When "},{"result":{"duration":12742061800,"status":"passed"},"line":18,"name":"user clicks on DSS download items","match":{"location":"stepDefinitions.dssresourcesteps.clickon_DSSfacilimaterdownload()"},"keyword":"And "},{"result":{"duration":29352500,"status":"passed"},"line":19,"name":"user is able to download the PDFs","match":{"location":"stepDefinitions.dssresourcesteps.confirmdssdownload()"},"keyword":"Then "}]},{"start_timestamp":"2023-05-08T14:57:01.759Z","line":21,"name":"Verify problem solving model for DSS","description":"","id":"feature-to-test-login-functionality;verify-problem-solving-model-for-dss","type":"scenario","keyword":"Scenario","steps":[{"result":{"duration":28878000,"status":"passed"},"line":22,"name":"user is on facilitator page","match":{"location":"stepDefinitions.dssresourcesteps.facilitatortab()"},"keyword":"Given "},{"result":{"duration":15235195100,"status":"passed"},"line":23,"name":"user clicks on problem solving model","match":{"location":"stepDefinitions.dssresourcesteps.clikconproblsolv()"},"keyword":"When "},{"result":{"duration":5042812400,"status":"passed"},"line":24,"name":"user is able to verify the model","match":{"location":"stepDefinitions.dssresourcesteps.verifyprobmodel()"},"keyword":"Then "}]},{"start_timestamp":"2023-05-08T14:57:22.079Z","line":26,"name":"Verify situation and challenge for DSS","description":"","id":"feature-to-test-login-functionality;verify-situation-and-challenge-for-dss","type":"scenario","keyword":"Scenario","steps":[{"result":{"duration":10060691600,"status":"passed"},"line":27,"name":"user is on problem solv page","match":{"location":"stepDefinitions.dssresourcesteps.probsolv()"},"keyword":"Given "},{"result":{"duration":15363338300,"status":"passed"},"line":28,"name":"user clicks on situation and challenge","match":{"location":"stepDefinitions.dssresourcesteps.clicksituandchall()"},"keyword":"When "},{"result":{"duration":26293900,"status":"passed"},"line":29,"name":"user is able to verify the desert situation","match":{"location":"stepDefinitions.dssresourcesteps.verifydesertsitu()"},"keyword":"Then "},{"result":{"duration":23647500,"status":"passed"},"line":30,"name":"user is able to verify the challenge","match":{"location":"stepDefinitions.dssresourcesteps.verifydesertchall()"},"keyword":"And "}]},{"start_timestamp":"2023-05-08T14:57:47.564Z","line":32,"name":"check user is successfully logout form the application","description":"","id":"feature-to-test-login-functionality;check-user-is-successfully-logout-form-the-application","type":"scenario","keyword":"Scenario","steps":[{"result":{"duration":30096500,"status":"passed"},"line":33,"name":"user is on Homepage","match":{"location":"stepDefinitions.loginsteps.useronHomepage()"},"keyword":"Given "},{"result":{"duration":2609820400,"status":"passed"},"line":34,"name":"user clicked logout button","match":{"location":"stepDefinitions.loginsteps.click_logoutbtn()"},"keyword":"When "},{"result":{"duration":256099500,"status":"passed"},"line":35,"name":"user successfully logged out of CP","match":{"location":"stepDefinitions.loginsteps.verify_loginpage()"},"keyword":"Then "}]}],"name":"feature to test login functionality","description":"","id":"feature-to-test-login-functionality","keyword":"Feature","uri":"file:src/test/resources/Features/dssresource.feature","tags":[]},{"line":1,"elements":[{"start_timestamp":"2023-05-08T14:57:50.476Z","line":3,"name":"Check login is successful with valid credentials","description":"","id":"feature-to-test-login-and-logout-functionality;check-login-is-successful-with-valid-credentials","type":"scenario","keyword":"Scenario","steps":[{"result":{"error_message":"org.openqa.selenium.NoSuchSessionException: Session ID is null. Using WebDriver after calling quit()?\nBuild info: version: '4.8.3', revision: 'e5e76298c3'\nSystem info: os.name: 'Windows 11', os.arch: 'amd64', os.version: '10.0', java.version: '20'\nDriver info: org.openqa.selenium.chrome.ChromeDriver\nCommand: [null, get {url=https://euidc.humansynergistics.com/cp/Home/Index}]\nCapabilities {acceptInsecureCerts: false, browserName: chrome, browserVersion: 113.0.5672.64, chrome: {chromedriverVersion: 112.0.5615.49 (bd2a7bcb881c..., userDataDir: C:\\Users\\MADHUG~1\\AppData\\L...}, goog:chromeOptions: {debuggerAddress: localhost:63064}, networkConnectionEnabled: false, pageLoadStrategy: normal, platformName: WINDOWS, proxy: Proxy(), se:cdp: ws://localhost:63064/devtoo..., se:cdpVersion: 113.0.5672.64, setWindowRect: true, strictFileInteractability: false, timeouts: {implicit: 0, pageLoad: 300000, script: 30000}, unhandledPromptBehavior: dismiss and notify, webauthn:extension:credBlob: true, webauthn:extension:largeBlob: true, webauthn:extension:minPinLength: true, webauthn:extension:prf: true, webauthn:virtualAuthenticators: true}\r\n\tat org.openqa.selenium.remote.HttpCommandExecutor.execute(HttpCommandExecutor.java:154)\r\n\tat org.openqa.selenium.remote.service.DriverCommandExecutor.invokeExecute(DriverCommandExecutor.java:183)\r\n\tat org.openqa.selenium.remote.service.DriverCommandExecutor.execute(DriverCommandExecutor.java:158)\r\n\tat org.openqa.selenium.remote.RemoteWebDriver.execute(RemoteWebDriver.java:543)\r\n\tat org.openqa.selenium.remote.RemoteWebDriver.get(RemoteWebDriver.java:297)\r\n\tat pages.loginPage.navigatetourl(loginPage.java:31)\r\n\tat stepDefinitions.loginsteps.user_loginpage(loginsteps.java:20)\r\n\tat ✽.user is on Loginpage(file:///C:/Users/MadhuGali/eclipse-workspace/cucumberproject/src/test/resources/Features/login.feature:4)\r\n","duration":15428400,"status":"failed"},"line":4,"name":"user is on Loginpage","match":{"location":"stepDefinitions.loginsteps.user_loginpage()"},"keyword":"Given "},{"result":{"status":"skipped"},"line":5,"name":"user enters username and password and language","match":{"location":"stepDefinitions.loginsteps.user_enterusernamed_password()"},"keyword":"When "},{"result":{"status":"skipped"},"line":6,"name":"clicks on login button","match":{"location":"stepDefinitions.loginsteps.click_submitbtn()"},"keyword":"And "},{"result":{"status":"skipped"},"line":7,"name":"user is navigated to home page","match":{"location":"stepDefinitions.loginsteps.navigated_homepage()"},"keyword":"Then "}]},{"start_timestamp":"2023-05-08T14:57:50.520Z","line":10,"name":"check user is successfully logout form the application","description":"","id":"feature-to-test-login-and-logout-functionality;check-user-is-successfully-logout-form-the-application","type":"scenario","keyword":"Scenario","steps":[{"result":{"error_message":"org.openqa.selenium.NoSuchSessionException: Session ID is null. Using WebDriver after calling quit()?\nBuild info: version: '4.8.3', revision: 'e5e76298c3'\nSystem info: os.name: 'Windows 11', os.arch: 'amd64', os.version: '10.0', java.version: '20'\nDriver info: org.openqa.selenium.chrome.ChromeDriver\nCommand: [null, findElement {using=xpath, value=//span[@id='ProjectsTabLink']}]\nCapabilities {acceptInsecureCerts: false, browserName: chrome, browserVersion: 113.0.5672.64, chrome: {chromedriverVersion: 112.0.5615.49 (bd2a7bcb881c..., userDataDir: C:\\Users\\MADHUG~1\\AppData\\L...}, goog:chromeOptions: {debuggerAddress: localhost:63064}, networkConnectionEnabled: false, pageLoadStrategy: normal, platformName: WINDOWS, proxy: Proxy(), se:cdp: ws://localhost:63064/devtoo..., se:cdpVersion: 113.0.5672.64, setWindowRect: true, strictFileInteractability: false, timeouts: {implicit: 0, pageLoad: 300000, script: 30000}, unhandledPromptBehavior: dismiss and notify, webauthn:extension:credBlob: true, webauthn:extension:largeBlob: true, webauthn:extension:minPinLength: true, webauthn:extension:prf: true, webauthn:virtualAuthenticators: true}\r\n\tat org.openqa.selenium.remote.HttpCommandExecutor.execute(HttpCommandExecutor.java:154)\r\n\tat org.openqa.selenium.remote.service.DriverCommandExecutor.invokeExecute(DriverCommandExecutor.java:183)\r\n\tat org.openqa.selenium.remote.service.DriverCommandExecutor.execute(DriverCommandExecutor.java:158)\r\n\tat org.openqa.selenium.remote.RemoteWebDriver.execute(RemoteWebDriver.java:543)\r\n\tat org.openqa.selenium.remote.ElementLocation$ElementFinder$2.findElement(ElementLocation.java:162)\r\n\tat org.openqa.selenium.remote.ElementLocation.findElement(ElementLocation.java:60)\r\n\tat org.openqa.selenium.remote.RemoteWebDriver.findElement(RemoteWebDriver.java:352)\r\n\tat org.openqa.selenium.remote.RemoteWebDriver.findElement(RemoteWebDriver.java:344)\r\n\tat org.openqa.selenium.support.pagefactory.DefaultElementLocator.findElement(DefaultElementLocator.java:70)\r\n\tat org.openqa.selenium.support.pagefactory.internal.LocatingElementHandler.invoke(LocatingElementHandler.java:39)\r\n\tat jdk.proxy2/jdk.proxy2.$Proxy21.isDisplayed(Unknown Source)\r\n\tat pages.homePage.iscreateproject(homePage.java:62)\r\n\tat stepDefinitions.loginsteps.useronHomepage(loginsteps.java:37)\r\n\tat ✽.user is on Homepage(file:///C:/Users/MadhuGali/eclipse-workspace/cucumberproject/src/test/resources/Features/login.feature:11)\r\n","duration":2000700,"status":"failed"},"line":11,"name":"user is on Homepage","match":{"location":"stepDefinitions.loginsteps.useronHomepage()"},"keyword":"Given "},{"result":{"status":"skipped"},"line":12,"name":"user clicked logout button","match":{"location":"stepDefinitions.loginsteps.click_logoutbtn()"},"keyword":"When "},{"result":{"status":"skipped"},"line":13,"name":"user successfully logged out of CP","match":{"location":"stepDefinitions.loginsteps.verify_loginpage()"},"keyword":"Then "}]}],"name":"feature to test login and logout functionality","description":"","id":"feature-to-test-login-and-logout-functionality","keyword":"Feature","uri":"file:src/test/resources/Features/login.feature","tags":[]},{"line":1,"elements":[{"start_timestamp":"2023-05-08T14:57:50.540Z","line":3,"name":"Check login is successful with valid credentials","description":"","id":"feature-to-test-login-functionality;check-login-is-successful-with-valid-credentials","type":"scenario","keyword":"Scenario","steps":[{"result":{"error_message":"org.openqa.selenium.NoSuchSessionException: Session ID is null. Using WebDriver after calling quit()?\nBuild info: version: '4.8.3', revision: 'e5e76298c3'\nSystem info: os.name: 'Windows 11', os.arch: 'amd64', os.version: '10.0', java.version: '20'\nDriver info: org.openqa.selenium.chrome.ChromeDriver\nCommand: [null, get {url=https://euidc.humansynergistics.com/cp/Home/Index}]\nCapabilities {acceptInsecureCerts: false, browserName: chrome, browserVersion: 113.0.5672.64, chrome: {chromedriverVersion: 112.0.5615.49 (bd2a7bcb881c..., userDataDir: C:\\Users\\MADHUG~1\\AppData\\L...}, goog:chromeOptions: {debuggerAddress: localhost:63064}, networkConnectionEnabled: false, pageLoadStrategy: normal, platformName: WINDOWS, proxy: Proxy(), se:cdp: ws://localhost:63064/devtoo..., se:cdpVersion: 113.0.5672.64, setWindowRect: true, strictFileInteractability: false, timeouts: {implicit: 0, pageLoad: 300000, script: 30000}, unhandledPromptBehavior: dismiss and notify, webauthn:extension:credBlob: true, webauthn:extension:largeBlob: true, webauthn:extension:minPinLength: true, webauthn:extension:prf: true, webauthn:virtualAuthenticators: true}\r\n\tat org.openqa.selenium.remote.HttpCommandExecutor.execute(HttpCommandExecutor.java:154)\r\n\tat org.openqa.selenium.remote.service.DriverCommandExecutor.invokeExecute(DriverCommandExecutor.java:183)\r\n\tat org.openqa.selenium.remote.service.DriverCommandExecutor.execute(DriverCommandExecutor.java:158)\r\n\tat org.openqa.selenium.remote.RemoteWebDriver.execute(RemoteWebDriver.java:543)\r\n\tat org.openqa.selenium.remote.RemoteWebDriver.get(RemoteWebDriver.java:297)\r\n\tat pages.loginPage.navigatetourl(loginPage.java:31)\r\n\tat stepDefinitions.loginsteps.user_loginpage(loginsteps.java:20)\r\n\tat ✽.user is on Loginpage(file:///C:/Users/MadhuGali/eclipse-workspace/cucumberproject/src/test/resources/Features/ppsresource.feature:4)\r\n","duration":998700,"status":"failed"},"line":4,"name":"user is on Loginpage","match":{"location":"stepDefinitions.loginsteps.user_loginpage()"},"keyword":"Given "},{"result":{"status":"skipped"},"line":5,"name":"user enters username and password and language","match":{"location":"stepDefinitions.loginsteps.user_enterusernamed_password()"},"keyword":"When "},{"result":{"status":"skipped"},"line":6,"name":"clicks on login button","match":{"location":"stepDefinitions.loginsteps.click_submitbtn()"},"keyword":"And "},{"result":{"status":"skipped"},"line":7,"name":"user is navigated to home page","match":{"location":"stepDefinitions.loginsteps.navigated_homepage()"},"keyword":"Then "}]},{"start_timestamp":"2023-05-08T14:57:50.559Z","line":9,"name":"Navigate to Menu Items","description":"","id":"feature-to-test-login-functionality;navigate-to-menu-items","type":"scenario","keyword":"Scenario","steps":[{"result":{"error_message":"org.openqa.selenium.NoSuchSessionException: Session ID is null. Using WebDriver after calling quit()?\nBuild info: version: '4.8.3', revision: 'e5e76298c3'\nSystem info: os.name: 'Windows 11', os.arch: 'amd64', os.version: '10.0', java.version: '20'\nDriver info: org.openqa.selenium.chrome.ChromeDriver\nCommand: [null, getTitle {}]\nCapabilities {acceptInsecureCerts: false, browserName: chrome, browserVersion: 113.0.5672.64, chrome: {chromedriverVersion: 112.0.5615.49 (bd2a7bcb881c..., userDataDir: C:\\Users\\MADHUG~1\\AppData\\L...}, goog:chromeOptions: {debuggerAddress: localhost:63064}, networkConnectionEnabled: false, pageLoadStrategy: normal, platformName: WINDOWS, proxy: Proxy(), se:cdp: ws://localhost:63064/devtoo..., se:cdpVersion: 113.0.5672.64, setWindowRect: true, strictFileInteractability: false, timeouts: {implicit: 0, pageLoad: 300000, script: 30000}, unhandledPromptBehavior: dismiss and notify, webauthn:extension:credBlob: true, webauthn:extension:largeBlob: true, webauthn:extension:minPinLength: true, webauthn:extension:prf: true, webauthn:virtualAuthenticators: true}\r\n\tat org.openqa.selenium.remote.HttpCommandExecutor.execute(HttpCommandExecutor.java:154)\r\n\tat org.openqa.selenium.remote.service.DriverCommandExecutor.invokeExecute(DriverCommandExecutor.java:183)\r\n\tat org.openqa.selenium.remote.service.DriverCommandExecutor.execute(DriverCommandExecutor.java:158)\r\n\tat org.openqa.selenium.remote.RemoteWebDriver.execute(RemoteWebDriver.java:543)\r\n\tat org.openqa.selenium.remote.RemoteWebDriver.execute(RemoteWebDriver.java:598)\r\n\tat org.openqa.selenium.remote.RemoteWebDriver.execute(RemoteWebDriver.java:602)\r\n\tat org.openqa.selenium.remote.RemoteWebDriver.getTitle(RemoteWebDriver.java:302)\r\n\tat pages.homePage.useronhomepage(homePage.java:39)\r\n\tat stepDefinitions.resourcessteps.useronhomepage(resourcessteps.java:26)\r\n\tat ✽.user is on client portal homepage(file:///C:/Users/MadhuGali/eclipse-workspace/cucumberproject/src/test/resources/Features/ppsresource.feature:10)\r\n","duration":3997000,"status":"failed"},"line":10,"name":"user is on client portal homepage","match":{"location":"stepDefinitions.resourcessteps.useronhomepage()"},"keyword":"Given "},{"result":{"status":"skipped"},"line":11,"name":"user clicks on Resources","match":{"location":"stepDefinitions.resourcessteps.clickonresources()"},"keyword":"When "},{"result":{"status":"skipped"},"line":12,"name":"user clicks on menu","match":{"location":"stepDefinitions.resourcessteps.clickonmenu()"},"keyword":"And "},{"result":{"status":"skipped"},"line":13,"name":"user can navigate to menu items -pps","match":{"location":"stepDefinitions.resourcessteps.verifymenuitemspps()"},"keyword":"Then "}]},{"start_timestamp":"2023-05-08T14:57:50.575Z","line":15,"name":"Verify facilitator materials for PPS","description":"","id":"feature-to-test-login-functionality;verify-facilitator-materials-for-pps","type":"scenario","keyword":"Scenario","steps":[{"result":{"error_message":"org.openqa.selenium.NoSuchSessionException: Session ID is null. Using WebDriver after calling quit()?\nBuild info: version: '4.8.3', revision: 'e5e76298c3'\nSystem info: os.name: 'Windows 11', os.arch: 'amd64', os.version: '10.0', java.version: '20'\nDriver info: org.openqa.selenium.chrome.ChromeDriver\nCommand: [null, findElement {using=partial link text, value=Project Planning Sit}]\nCapabilities {acceptInsecureCerts: false, browserName: chrome, browserVersion: 113.0.5672.64, chrome: {chromedriverVersion: 112.0.5615.49 (bd2a7bcb881c..., userDataDir: C:\\Users\\MADHUG~1\\AppData\\L...}, goog:chromeOptions: {debuggerAddress: localhost:63064}, networkConnectionEnabled: false, pageLoadStrategy: normal, platformName: WINDOWS, proxy: Proxy(), se:cdp: ws://localhost:63064/devtoo..., se:cdpVersion: 113.0.5672.64, setWindowRect: true, strictFileInteractability: false, timeouts: {implicit: 0, pageLoad: 300000, script: 30000}, unhandledPromptBehavior: dismiss and notify, webauthn:extension:credBlob: true, webauthn:extension:largeBlob: true, webauthn:extension:minPinLength: true, webauthn:extension:prf: true, webauthn:virtualAuthenticators: true}\r\n\tat org.openqa.selenium.remote.HttpCommandExecutor.execute(HttpCommandExecutor.java:154)\r\n\tat org.openqa.selenium.remote.service.DriverCommandExecutor.invokeExecute(DriverCommandExecutor.java:183)\r\n\tat org.openqa.selenium.remote.service.DriverCommandExecutor.execute(DriverCommandExecutor.java:158)\r\n\tat org.openqa.selenium.remote.RemoteWebDriver.execute(RemoteWebDriver.java:543)\r\n\tat org.openqa.selenium.remote.ElementLocation$ElementFinder$2.findElement(ElementLocation.java:162)\r\n\tat org.openqa.selenium.remote.ElementLocation.findElement(ElementLocation.java:60)\r\n\tat org.openqa.selenium.remote.RemoteWebDriver.findElement(RemoteWebDriver.java:352)\r\n\tat org.openqa.selenium.remote.RemoteWebDriver.findElement(RemoteWebDriver.java:344)\r\n\tat org.openqa.selenium.support.pagefactory.DefaultElementLocator.findElement(DefaultElementLocator.java:70)\r\n\tat org.openqa.selenium.support.pagefactory.internal.LocatingElementHandler.invoke(LocatingElementHandler.java:39)\r\n\tat jdk.proxy2/jdk.proxy2.$Proxy21.isDisplayed(Unknown Source)\r\n\tat pages.resourcesPage.PPStabdisplayed(resourcesPage.java:62)\r\n\tat stepDefinitions.ppsresourcesteps.resourcesmenupps(ppsresourcesteps.java:25)\r\n\tat ✽.user is on resources menu items - pps(file:///C:/Users/MadhuGali/eclipse-workspace/cucumberproject/src/test/resources/Features/ppsresource.feature:16)\r\n","duration":2022947700,"status":"failed"},"line":16,"name":"user is on resources menu items - pps","match":{"location":"stepDefinitions.ppsresourcesteps.resourcesmenupps()"},"keyword":"Given "},{"result":{"status":"skipped"},"line":17,"name":"user clicks on PPS facilitator materials","match":{"location":"stepDefinitions.ppsresourcesteps.click_ppsfacilimater()"},"keyword":"When "},{"result":{"status":"skipped"},"line":18,"name":"user clicks on PPS download items","match":{"location":"stepDefinitions.ppsresourcesteps.clickonppsfacilimaterdownload()"},"keyword":"And "},{"result":{"status":"skipped"},"line":19,"name":"user is able to download the PDFs - pps","match":{"location":"stepDefinitions.ppsresourcesteps.confirmppsdownload()"},"keyword":"Then "}]},{"start_timestamp":"2023-05-08T14:57:52.621Z","line":21,"name":"Verify problem solving model for PPS","description":"","id":"feature-to-test-login-functionality;verify-problem-solving-model-for-pps","type":"scenario","keyword":"Scenario","steps":[{"result":{"error_message":"org.openqa.selenium.NoSuchSessionException: Session ID is null. Using WebDriver after calling quit()?\nBuild info: version: '4.8.3', revision: 'e5e76298c3'\nSystem info: os.name: 'Windows 11', os.arch: 'amd64', os.version: '10.0', java.version: '20'\nDriver info: org.openqa.selenium.chrome.ChromeDriver\nCommand: [null, findElement {using=xpath, value=//*[@id='FacilitatorMaterialsTitle']}]\nCapabilities {acceptInsecureCerts: false, browserName: chrome, browserVersion: 113.0.5672.64, chrome: {chromedriverVersion: 112.0.5615.49 (bd2a7bcb881c..., userDataDir: C:\\Users\\MADHUG~1\\AppData\\L...}, goog:chromeOptions: {debuggerAddress: localhost:63064}, networkConnectionEnabled: false, pageLoadStrategy: normal, platformName: WINDOWS, proxy: Proxy(), se:cdp: ws://localhost:63064/devtoo..., se:cdpVersion: 113.0.5672.64, setWindowRect: true, strictFileInteractability: false, timeouts: {implicit: 0, pageLoad: 300000, script: 30000}, unhandledPromptBehavior: dismiss and notify, webauthn:extension:credBlob: true, webauthn:extension:largeBlob: true, webauthn:extension:minPinLength: true, webauthn:extension:prf: true, webauthn:virtualAuthenticators: true}\r\n\tat org.openqa.selenium.remote.HttpCommandExecutor.execute(HttpCommandExecutor.java:154)\r\n\tat org.openqa.selenium.remote.service.DriverCommandExecutor.invokeExecute(DriverCommandExecutor.java:183)\r\n\tat org.openqa.selenium.remote.service.DriverCommandExecutor.execute(DriverCommandExecutor.java:158)\r\n\tat org.openqa.selenium.remote.RemoteWebDriver.execute(RemoteWebDriver.java:543)\r\n\tat org.openqa.selenium.remote.ElementLocation$ElementFinder$2.findElement(ElementLocation.java:162)\r\n\tat org.openqa.selenium.remote.ElementLocation.findElement(ElementLocation.java:60)\r\n\tat org.openqa.selenium.remote.RemoteWebDriver.findElement(RemoteWebDriver.java:352)\r\n\tat org.openqa.selenium.remote.RemoteWebDriver.findElement(RemoteWebDriver.java:344)\r\n\tat org.openqa.selenium.support.pagefactory.DefaultElementLocator.findElement(DefaultElementLocator.java:70)\r\n\tat org.openqa.selenium.support.pagefactory.internal.LocatingElementHandler.invoke(LocatingElementHandler.java:39)\r\n\tat jdk.proxy2/jdk.proxy2.$Proxy21.isDisplayed(Unknown Source)\r\n\tat pages.ppsresourcePage.ppshome(ppsresourcePage.java:71)\r\n\tat stepDefinitions.ppsresourcesteps.facilitatortabpps(ppsresourcesteps.java:48)\r\n\tat ✽.user is on facilitator page pps(file:///C:/Users/MadhuGali/eclipse-workspace/cucumberproject/src/test/resources/Features/ppsresource.feature:22)\r\n","duration":4016400,"status":"failed"},"line":22,"name":"user is on facilitator page pps","match":{"location":"stepDefinitions.ppsresourcesteps.facilitatortabpps()"},"keyword":"Given "},{"result":{"status":"skipped"},"line":23,"name":"user clicks on problem solving model pps","match":{"location":"stepDefinitions.ppsresourcesteps.clikconproblsolvpps()"},"keyword":"When "},{"result":{"status":"skipped"},"line":24,"name":"user is able to verify the model","match":{"location":"stepDefinitions.dssresourcesteps.verifyprobmodel()"},"keyword":"Then "}]},{"start_timestamp":"2023-05-08T14:57:52.635Z","line":26,"name":"Verify situation and challenge for PPS","description":"","id":"feature-to-test-login-functionality;verify-situation-and-challenge-for-pps","type":"scenario","keyword":"Scenario","steps":[{"result":{"error_message":"org.openqa.selenium.NoSuchSessionException: Session ID is null. Using WebDriver after calling quit()?\nBuild info: version: '4.8.3', revision: 'e5e76298c3'\nSystem info: os.name: 'Windows 11', os.arch: 'amd64', os.version: '10.0', java.version: '20'\nDriver info: org.openqa.selenium.chrome.ChromeDriver\nCommand: [null, findElement {using=xpath, value=//img[@id='ProblemSolvingImage']}]\nCapabilities {acceptInsecureCerts: false, browserName: chrome, browserVersion: 113.0.5672.64, chrome: {chromedriverVersion: 112.0.5615.49 (bd2a7bcb881c..., userDataDir: C:\\Users\\MADHUG~1\\AppData\\L...}, goog:chromeOptions: {debuggerAddress: localhost:63064}, networkConnectionEnabled: false, pageLoadStrategy: normal, platformName: WINDOWS, proxy: Proxy(), se:cdp: ws://localhost:63064/devtoo..., se:cdpVersion: 113.0.5672.64, setWindowRect: true, strictFileInteractability: false, timeouts: {implicit: 0, pageLoad: 300000, script: 30000}, unhandledPromptBehavior: dismiss and notify, webauthn:extension:credBlob: true, webauthn:extension:largeBlob: true, webauthn:extension:minPinLength: true, webauthn:extension:prf: true, webauthn:virtualAuthenticators: true}\r\n\tat org.openqa.selenium.remote.HttpCommandExecutor.execute(HttpCommandExecutor.java:154)\r\n\tat org.openqa.selenium.remote.service.DriverCommandExecutor.invokeExecute(DriverCommandExecutor.java:183)\r\n\tat org.openqa.selenium.remote.service.DriverCommandExecutor.execute(DriverCommandExecutor.java:158)\r\n\tat org.openqa.selenium.remote.RemoteWebDriver.execute(RemoteWebDriver.java:543)\r\n\tat org.openqa.selenium.remote.ElementLocation$ElementFinder$2.findElement(ElementLocation.java:162)\r\n\tat org.openqa.selenium.remote.ElementLocation.findElement(ElementLocation.java:60)\r\n\tat org.openqa.selenium.remote.RemoteWebDriver.findElement(RemoteWebDriver.java:352)\r\n\tat org.openqa.selenium.remote.RemoteWebDriver.findElement(RemoteWebDriver.java:344)\r\n\tat org.openqa.selenium.support.pagefactory.DefaultElementLocator.findElement(DefaultElementLocator.java:70)\r\n\tat org.openqa.selenium.support.pagefactory.internal.LocatingElementHandler.invoke(LocatingElementHandler.java:39)\r\n\tat jdk.proxy2/jdk.proxy2.$Proxy21.isDisplayed(Unknown Source)\r\n\tat pages.dssresourcePage.probsolvimagedisplay(dssresourcePage.java:90)\r\n\tat stepDefinitions.dssresourcesteps.probsolv(dssresourcesteps.java:55)\r\n\tat ✽.user is on problem solv page(file:///C:/Users/MadhuGali/eclipse-workspace/cucumberproject/src/test/resources/Features/ppsresource.feature:27)\r\n","duration":10019355900,"status":"failed"},"line":27,"name":"user is on problem solv page","match":{"location":"stepDefinitions.dssresourcesteps.probsolv()"},"keyword":"Given "},{"result":{"status":"skipped"},"line":28,"name":"user clicks on situation and challenge pps","match":{"location":"stepDefinitions.ppsresourcesteps.clicksituationndchallenge()"},"keyword":"When "},{"result":{"status":"skipped"},"line":29,"name":"user is able to verify the situation pps","match":{"location":"stepDefinitions.ppsresourcesteps.verifyppssitu()"},"keyword":"Then "},{"result":{"status":"skipped"},"line":30,"name":"user is able to verify the challenge pps","match":{"location":"stepDefinitions.ppsresourcesteps.verifyppschall()"},"keyword":"And "}]},{"start_timestamp":"2023-05-08T14:58:02.659Z","line":32,"name":"check user is successfully logout form the application","description":"","id":"feature-to-test-login-functionality;check-user-is-successfully-logout-form-the-application","type":"scenario","keyword":"Scenario","steps":[{"result":{"error_message":"org.openqa.selenium.NoSuchSessionException: Session ID is null. Using WebDriver after calling quit()?\nBuild info: version: '4.8.3', revision: 'e5e76298c3'\nSystem info: os.name: 'Windows 11', os.arch: 'amd64', os.version: '10.0', java.version: '20'\nDriver info: org.openqa.selenium.chrome.ChromeDriver\nCommand: [null, findElement {using=xpath, value=//span[@id='ProjectsTabLink']}]\nCapabilities {acceptInsecureCerts: false, browserName: chrome, browserVersion: 113.0.5672.64, chrome: {chromedriverVersion: 112.0.5615.49 (bd2a7bcb881c..., userDataDir: C:\\Users\\MADHUG~1\\AppData\\L...}, goog:chromeOptions: {debuggerAddress: localhost:63064}, networkConnectionEnabled: false, pageLoadStrategy: normal, platformName: WINDOWS, proxy: Proxy(), se:cdp: ws://localhost:63064/devtoo..., se:cdpVersion: 113.0.5672.64, setWindowRect: true, strictFileInteractability: false, timeouts: {implicit: 0, pageLoad: 300000, script: 30000}, unhandledPromptBehavior: dismiss and notify, webauthn:extension:credBlob: true, webauthn:extension:largeBlob: true, webauthn:extension:minPinLength: true, webauthn:extension:prf: true, webauthn:virtualAuthenticators: true}\r\n\tat org.openqa.selenium.remote.HttpCommandExecutor.execute(HttpCommandExecutor.java:154)\r\n\tat org.openqa.selenium.remote.service.DriverCommandExecutor.invokeExecute(DriverCommandExecutor.java:183)\r\n\tat org.openqa.selenium.remote.service.DriverCommandExecutor.execute(DriverCommandExecutor.java:158)\r\n\tat org.openqa.selenium.remote.RemoteWebDriver.execute(RemoteWebDriver.java:543)\r\n\tat org.openqa.selenium.remote.ElementLocation$ElementFinder$2.findElement(ElementLocation.java:162)\r\n\tat org.openqa.selenium.remote.ElementLocation.findElement(ElementLocation.java:60)\r\n\tat org.openqa.selenium.remote.RemoteWebDriver.findElement(RemoteWebDriver.java:352)\r\n\tat org.openqa.selenium.remote.RemoteWebDriver.findElement(RemoteWebDriver.java:344)\r\n\tat org.openqa.selenium.support.pagefactory.DefaultElementLocator.findElement(DefaultElementLocator.java:70)\r\n\tat org.openqa.selenium.support.pagefactory.internal.LocatingElementHandler.invoke(LocatingElementHandler.java:39)\r\n\tat jdk.proxy2/jdk.proxy2.$Proxy21.isDisplayed(Unknown Source)\r\n\tat pages.homePage.iscreateproject(homePage.java:62)\r\n\tat stepDefinitions.loginsteps.useronHomepage(loginsteps.java:37)\r\n\tat ✽.user is on Homepage(file:///C:/Users/MadhuGali/eclipse-workspace/cucumberproject/src/test/resources/Features/ppsresource.feature:33)\r\n","duration":1964300,"status":"failed"},"line":33,"name":"user is on Homepage","match":{"location":"stepDefinitions.loginsteps.useronHomepage()"},"keyword":"Given "},{"result":{"status":"skipped"},"line":34,"name":"user clicked logout button","match":{"location":"stepDefinitions.loginsteps.click_logoutbtn()"},"keyword":"When "},{"result":{"status":"skipped"},"line":35,"name":"user successfully logged out of CP","match":{"location":"stepDefinitions.loginsteps.verify_loginpage()"},"keyword":"Then "}]}],"name":"feature to test login functionality","description":"","id":"feature-to-test-login-functionality","keyword":"Feature","uri":"file:src/test/resources/Features/ppsresource.feature","tags":[]},{"line":1,"elements":[{"start_timestamp":"2023-05-08T14:58:02.664Z","line":3,"name":"Check login is successful with valid credentials","description":"","id":"feature-to-test-login-functionality;check-login-is-successful-with-valid-credentials","type":"scenario","keyword":"Scenario","steps":[{"result":{"error_message":"org.openqa.selenium.NoSuchSessionException: Session ID is null. Using WebDriver after calling quit()?\nBuild info: version: '4.8.3', revision: 'e5e76298c3'\nSystem info: os.name: 'Windows 11', os.arch: 'amd64', os.version: '10.0', java.version: '20'\nDriver info: org.openqa.selenium.chrome.ChromeDriver\nCommand: [null, get {url=https://euidc.humansynergistics.com/cp/Home/Index}]\nCapabilities {acceptInsecureCerts: false, browserName: chrome, browserVersion: 113.0.5672.64, chrome: {chromedriverVersion: 112.0.5615.49 (bd2a7bcb881c..., userDataDir: C:\\Users\\MADHUG~1\\AppData\\L...}, goog:chromeOptions: {debuggerAddress: localhost:63064}, networkConnectionEnabled: false, pageLoadStrategy: normal, platformName: WINDOWS, proxy: Proxy(), se:cdp: ws://localhost:63064/devtoo..., se:cdpVersion: 113.0.5672.64, setWindowRect: true, strictFileInteractability: false, timeouts: {implicit: 0, pageLoad: 300000, script: 30000}, unhandledPromptBehavior: dismiss and notify, webauthn:extension:credBlob: true, webauthn:extension:largeBlob: true, webauthn:extension:minPinLength: true, webauthn:extension:prf: true, webauthn:virtualAuthenticators: true}\r\n\tat org.openqa.selenium.remote.HttpCommandExecutor.execute(HttpCommandExecutor.java:154)\r\n\tat org.openqa.selenium.remote.service.DriverCommandExecutor.invokeExecute(DriverCommandExecutor.java:183)\r\n\tat org.openqa.selenium.remote.service.DriverCommandExecutor.execute(DriverCommandExecutor.java:158)\r\n\tat org.openqa.selenium.remote.RemoteWebDriver.execute(RemoteWebDriver.java:543)\r\n\tat org.openqa.selenium.remote.RemoteWebDriver.get(RemoteWebDriver.java:297)\r\n\tat pages.loginPage.navigatetourl(loginPage.java:31)\r\n\tat stepDefinitions.loginsteps.user_loginpage(loginsteps.java:20)\r\n\tat ✽.user is on Loginpage(file:///C:/Users/MadhuGali/eclipse-workspace/cucumberproject/src/test/resources/Features/sssresource.feature:4)\r\n","duration":2004100,"status":"failed"},"line":4,"name":"user is on Loginpage","match":{"location":"stepDefinitions.loginsteps.user_loginpage()"},"keyword":"Given "},{"result":{"status":"skipped"},"line":5,"name":"user enters username and password and language","match":{"location":"stepDefinitions.loginsteps.user_enterusernamed_password()"},"keyword":"When "},{"result":{"status":"skipped"},"line":6,"name":"clicks on login button","match":{"location":"stepDefinitions.loginsteps.click_submitbtn()"},"keyword":"And "},{"result":{"status":"skipped"},"line":7,"name":"user is navigated to home page","match":{"location":"stepDefinitions.loginsteps.navigated_homepage()"},"keyword":"Then "}]},{"start_timestamp":"2023-05-08T14:58:02.671Z","line":9,"name":"Navigate to Menu Items","description":"","id":"feature-to-test-login-functionality;navigate-to-menu-items","type":"scenario","keyword":"Scenario","steps":[{"result":{"error_message":"org.openqa.selenium.NoSuchSessionException: Session ID is null. Using WebDriver after calling quit()?\nBuild info: version: '4.8.3', revision: 'e5e76298c3'\nSystem info: os.name: 'Windows 11', os.arch: 'amd64', os.version: '10.0', java.version: '20'\nDriver info: org.openqa.selenium.chrome.ChromeDriver\nCommand: [null, getTitle {}]\nCapabilities {acceptInsecureCerts: false, browserName: chrome, browserVersion: 113.0.5672.64, chrome: {chromedriverVersion: 112.0.5615.49 (bd2a7bcb881c..., userDataDir: C:\\Users\\MADHUG~1\\AppData\\L...}, goog:chromeOptions: {debuggerAddress: localhost:63064}, networkConnectionEnabled: false, pageLoadStrategy: normal, platformName: WINDOWS, proxy: Proxy(), se:cdp: ws://localhost:63064/devtoo..., se:cdpVersion: 113.0.5672.64, setWindowRect: true, strictFileInteractability: false, timeouts: {implicit: 0, pageLoad: 300000, script: 30000}, unhandledPromptBehavior: dismiss and notify, webauthn:extension:credBlob: true, webauthn:extension:largeBlob: true, webauthn:extension:minPinLength: true, webauthn:extension:prf: true, webauthn:virtualAuthenticators: true}\r\n\tat org.openqa.selenium.remote.HttpCommandExecutor.execute(HttpCommandExecutor.java:154)\r\n\tat org.openqa.selenium.remote.service.DriverCommandExecutor.invokeExecute(DriverCommandExecutor.java:183)\r\n\tat org.openqa.selenium.remote.service.DriverCommandExecutor.execute(DriverCommandExecutor.java:158)\r\n\tat org.openqa.selenium.remote.RemoteWebDriver.execute(RemoteWebDriver.java:543)\r\n\tat org.openqa.selenium.remote.RemoteWebDriver.execute(RemoteWebDriver.java:598)\r\n\tat org.openqa.selenium.remote.RemoteWebDriver.execute(RemoteWebDriver.java:602)\r\n\tat org.openqa.selenium.remote.RemoteWebDriver.getTitle(RemoteWebDriver.java:302)\r\n\tat pages.homePage.useronhomepage(homePage.java:39)\r\n\tat stepDefinitions.resourcessteps.useronhomepage(resourcessteps.java:26)\r\n\tat ✽.user is on client portal homepage(file:///C:/Users/MadhuGali/eclipse-workspace/cucumberproject/src/test/resources/Features/sssresource.feature:10)\r\n","duration":2915100,"status":"failed"},"line":10,"name":"user is on client portal homepage","match":{"location":"stepDefinitions.resourcessteps.useronhomepage()"},"keyword":"Given "},{"result":{"status":"skipped"},"line":11,"name":"user clicks on Resources","match":{"location":"stepDefinitions.resourcessteps.clickonresources()"},"keyword":"When "},{"result":{"status":"skipped"},"line":12,"name":"user clicks on menu","match":{"location":"stepDefinitions.resourcessteps.clickonmenu()"},"keyword":"And "},{"result":{"status":"skipped"},"line":13,"name":"user can navigate to menu items -sss","match":{"location":"stepDefinitions.resourcessteps.verifymenuitemsss()"},"keyword":"Then "}]},{"start_timestamp":"2023-05-08T14:58:02.678Z","line":15,"name":"Verify facilitator materials for SS","description":"","id":"feature-to-test-login-functionality;verify-facilitator-materials-for-ss","type":"scenario","keyword":"Scenario","steps":[{"result":{"error_message":"org.openqa.selenium.NoSuchSessionException: Session ID is null. Using WebDriver after calling quit()?\nBuild info: version: '4.8.3', revision: 'e5e76298c3'\nSystem info: os.name: 'Windows 11', os.arch: 'amd64', os.version: '10.0', java.version: '20'\nDriver info: org.openqa.selenium.chrome.ChromeDriver\nCommand: [null, findElement {using=partial link text, value=Subarctic Survival S}]\nCapabilities {acceptInsecureCerts: false, browserName: chrome, browserVersion: 113.0.5672.64, chrome: {chromedriverVersion: 112.0.5615.49 (bd2a7bcb881c..., userDataDir: C:\\Users\\MADHUG~1\\AppData\\L...}, goog:chromeOptions: {debuggerAddress: localhost:63064}, networkConnectionEnabled: false, pageLoadStrategy: normal, platformName: WINDOWS, proxy: Proxy(), se:cdp: ws://localhost:63064/devtoo..., se:cdpVersion: 113.0.5672.64, setWindowRect: true, strictFileInteractability: false, timeouts: {implicit: 0, pageLoad: 300000, script: 30000}, unhandledPromptBehavior: dismiss and notify, webauthn:extension:credBlob: true, webauthn:extension:largeBlob: true, webauthn:extension:minPinLength: true, webauthn:extension:prf: true, webauthn:virtualAuthenticators: true}\r\n\tat org.openqa.selenium.remote.HttpCommandExecutor.execute(HttpCommandExecutor.java:154)\r\n\tat org.openqa.selenium.remote.service.DriverCommandExecutor.invokeExecute(DriverCommandExecutor.java:183)\r\n\tat org.openqa.selenium.remote.service.DriverCommandExecutor.execute(DriverCommandExecutor.java:158)\r\n\tat org.openqa.selenium.remote.RemoteWebDriver.execute(RemoteWebDriver.java:543)\r\n\tat org.openqa.selenium.remote.ElementLocation$ElementFinder$2.findElement(ElementLocation.java:162)\r\n\tat org.openqa.selenium.remote.ElementLocation.findElement(ElementLocation.java:60)\r\n\tat org.openqa.selenium.remote.RemoteWebDriver.findElement(RemoteWebDriver.java:352)\r\n\tat org.openqa.selenium.remote.RemoteWebDriver.findElement(RemoteWebDriver.java:344)\r\n\tat org.openqa.selenium.support.pagefactory.DefaultElementLocator.findElement(DefaultElementLocator.java:70)\r\n\tat org.openqa.selenium.support.pagefactory.internal.LocatingElementHandler.invoke(LocatingElementHandler.java:39)\r\n\tat jdk.proxy2/jdk.proxy2.$Proxy21.isDisplayed(Unknown Source)\r\n\tat pages.resourcesPage.sstabdisplayed(resourcesPage.java:57)\r\n\tat stepDefinitions.resourcessteps.ssresourcemenus(resourcessteps.java:53)\r\n\tat ✽.user is on resources menu items -sss(file:///C:/Users/MadhuGali/eclipse-workspace/cucumberproject/src/test/resources/Features/sssresource.feature:16)\r\n","duration":2012565000,"status":"failed"},"line":16,"name":"user is on resources menu items -sss","match":{"location":"stepDefinitions.resourcessteps.ssresourcemenus()"},"keyword":"Given "},{"result":{"status":"skipped"},"line":17,"name":"user clicks on SSS facilitator materials","match":{"location":"stepDefinitions.sssresourcesteps.clickonfacilitatormaterials()"},"keyword":"When "},{"result":{"status":"skipped"},"line":18,"name":"user clicks on SSS download items","match":{"location":"stepDefinitions.sssresourcesteps.clickon_DSSfacilimaterdownload()"},"keyword":"And "},{"result":{"status":"skipped"},"line":19,"name":"user is able to download the PDFs for ss","match":{"location":"stepDefinitions.sssresourcesteps.confirmdssdownload()"},"keyword":"Then "}]},{"start_timestamp":"2023-05-08T14:58:04.698Z","line":21,"name":"Verify problem solving model for SSS","description":"","id":"feature-to-test-login-functionality;verify-problem-solving-model-for-sss","type":"scenario","keyword":"Scenario","steps":[{"result":{"error_message":"org.openqa.selenium.NoSuchSessionException: Session ID is null. Using WebDriver after calling quit()?\nBuild info: version: '4.8.3', revision: 'e5e76298c3'\nSystem info: os.name: 'Windows 11', os.arch: 'amd64', os.version: '10.0', java.version: '20'\nDriver info: org.openqa.selenium.chrome.ChromeDriver\nCommand: [null, findElement {using=xpath, value=//*[@id='FacilitatorMaterialsTitle']}]\nCapabilities {acceptInsecureCerts: false, browserName: chrome, browserVersion: 113.0.5672.64, chrome: {chromedriverVersion: 112.0.5615.49 (bd2a7bcb881c..., userDataDir: C:\\Users\\MADHUG~1\\AppData\\L...}, goog:chromeOptions: {debuggerAddress: localhost:63064}, networkConnectionEnabled: false, pageLoadStrategy: normal, platformName: WINDOWS, proxy: Proxy(), se:cdp: ws://localhost:63064/devtoo..., se:cdpVersion: 113.0.5672.64, setWindowRect: true, strictFileInteractability: false, timeouts: {implicit: 0, pageLoad: 300000, script: 30000}, unhandledPromptBehavior: dismiss and notify, webauthn:extension:credBlob: true, webauthn:extension:largeBlob: true, webauthn:extension:minPinLength: true, webauthn:extension:prf: true, webauthn:virtualAuthenticators: true}\r\n\tat org.openqa.selenium.remote.HttpCommandExecutor.execute(HttpCommandExecutor.java:154)\r\n\tat org.openqa.selenium.remote.service.DriverCommandExecutor.invokeExecute(DriverCommandExecutor.java:183)\r\n\tat org.openqa.selenium.remote.service.DriverCommandExecutor.execute(DriverCommandExecutor.java:158)\r\n\tat org.openqa.selenium.remote.RemoteWebDriver.execute(RemoteWebDriver.java:543)\r\n\tat org.openqa.selenium.remote.ElementLocation$ElementFinder$2.findElement(ElementLocation.java:162)\r\n\tat org.openqa.selenium.remote.ElementLocation.findElement(ElementLocation.java:60)\r\n\tat org.openqa.selenium.remote.RemoteWebDriver.findElement(RemoteWebDriver.java:352)\r\n\tat org.openqa.selenium.remote.RemoteWebDriver.findElement(RemoteWebDriver.java:344)\r\n\tat org.openqa.selenium.support.pagefactory.DefaultElementLocator.findElement(DefaultElementLocator.java:70)\r\n\tat org.openqa.selenium.support.pagefactory.internal.LocatingElementHandler.invoke(LocatingElementHandler.java:39)\r\n\tat jdk.proxy2/jdk.proxy2.$Proxy21.isDisplayed(Unknown Source)\r\n\tat pages.sssresourcePage.sshome(sssresourcePage.java:85)\r\n\tat stepDefinitions.sssresourcesteps.facilitatortab(sssresourcesteps.java:39)\r\n\tat ✽.user is on facilitator page -ss(file:///C:/Users/MadhuGali/eclipse-workspace/cucumberproject/src/test/resources/Features/sssresource.feature:22)\r\n","duration":4747800,"status":"failed"},"line":22,"name":"user is on facilitator page -ss","match":{"location":"stepDefinitions.sssresourcesteps.facilitatortab()"},"keyword":"Given "},{"result":{"status":"skipped"},"line":23,"name":"user clicks on problem solving model -ss","match":{"location":"stepDefinitions.sssresourcesteps.clikconproblsolv()"},"keyword":"When "},{"result":{"status":"skipped"},"line":24,"name":"user is able to verify the model -ss","match":{"location":"stepDefinitions.sssresourcesteps.verifyprobmodel()"},"keyword":"Then "}]},{"start_timestamp":"2023-05-08T14:58:04.705Z","line":26,"name":"Verify situation and challenge for SSS","description":"","id":"feature-to-test-login-functionality;verify-situation-and-challenge-for-sss","type":"scenario","keyword":"Scenario","steps":[{"result":{"error_message":"org.openqa.selenium.NoSuchSessionException: Session ID is null. Using WebDriver after calling quit()?\nBuild info: version: '4.8.3', revision: 'e5e76298c3'\nSystem info: os.name: 'Windows 11', os.arch: 'amd64', os.version: '10.0', java.version: '20'\nDriver info: org.openqa.selenium.chrome.ChromeDriver\nCommand: [null, findElement {using=xpath, value=//*[@id='ProblemSolvingImage']}]\nCapabilities {acceptInsecureCerts: false, browserName: chrome, browserVersion: 113.0.5672.64, chrome: {chromedriverVersion: 112.0.5615.49 (bd2a7bcb881c..., userDataDir: C:\\Users\\MADHUG~1\\AppData\\L...}, goog:chromeOptions: {debuggerAddress: localhost:63064}, networkConnectionEnabled: false, pageLoadStrategy: normal, platformName: WINDOWS, proxy: Proxy(), se:cdp: ws://localhost:63064/devtoo..., se:cdpVersion: 113.0.5672.64, setWindowRect: true, strictFileInteractability: false, timeouts: {implicit: 0, pageLoad: 300000, script: 30000}, unhandledPromptBehavior: dismiss and notify, webauthn:extension:credBlob: true, webauthn:extension:largeBlob: true, webauthn:extension:minPinLength: true, webauthn:extension:prf: true, webauthn:virtualAuthenticators: true}\r\n\tat org.openqa.selenium.remote.HttpCommandExecutor.execute(HttpCommandExecutor.java:154)\r\n\tat org.openqa.selenium.remote.service.DriverCommandExecutor.invokeExecute(DriverCommandExecutor.java:183)\r\n\tat org.openqa.selenium.remote.service.DriverCommandExecutor.execute(DriverCommandExecutor.java:158)\r\n\tat org.openqa.selenium.remote.RemoteWebDriver.execute(RemoteWebDriver.java:543)\r\n\tat org.openqa.selenium.remote.ElementLocation$ElementFinder$2.findElement(ElementLocation.java:162)\r\n\tat org.openqa.selenium.remote.ElementLocation.findElement(ElementLocation.java:60)\r\n\tat org.openqa.selenium.remote.RemoteWebDriver.findElement(RemoteWebDriver.java:352)\r\n\tat org.openqa.selenium.remote.RemoteWebDriver.findElement(RemoteWebDriver.java:344)\r\n\tat org.openqa.selenium.support.pagefactory.DefaultElementLocator.findElement(DefaultElementLocator.java:70)\r\n\tat org.openqa.selenium.support.pagefactory.internal.LocatingElementHandler.invoke(LocatingElementHandler.java:39)\r\n\tat jdk.proxy2/jdk.proxy2.$Proxy21.isDisplayed(Unknown Source)\r\n\tat pages.sssresourcePage.probsolvimagedisplay(sssresourcePage.java:101)\r\n\tat stepDefinitions.sssresourcesteps.probsolv(sssresourcesteps.java:56)\r\n\tat ✽.user is on problem solv page -ss(file:///C:/Users/MadhuGali/eclipse-workspace/cucumberproject/src/test/resources/Features/sssresource.feature:27)\r\n","duration":10024255300,"status":"failed"},"line":27,"name":"user is on problem solv page -ss","match":{"location":"stepDefinitions.sssresourcesteps.probsolv()"},"keyword":"Given "},{"result":{"status":"skipped"},"line":28,"name":"user clicks on situation and challenge -ss","match":{"location":"stepDefinitions.sssresourcesteps.clicksituandchall()"},"keyword":"When "},{"result":{"status":"skipped"},"line":29,"name":"user is able to verify the SSS situation","match":{"location":"stepDefinitions.sssresourcesteps.verifydesertsitu()"},"keyword":"Then "},{"result":{"status":"skipped"},"line":30,"name":"user is able to verify the SSS challenge","match":{"location":"stepDefinitions.sssresourcesteps.verifydesertchall()"},"keyword":"And "}]},{"start_timestamp":"2023-05-08T14:58:14.733Z","line":32,"name":"check user is successfully logout form the application","description":"","id":"feature-to-test-login-functionality;check-user-is-successfully-logout-form-the-application","type":"scenario","keyword":"Scenario","steps":[{"result":{"error_message":"org.openqa.selenium.NoSuchSessionException: Session ID is null. Using WebDriver after calling quit()?\nBuild info: version: '4.8.3', revision: 'e5e76298c3'\nSystem info: os.name: 'Windows 11', os.arch: 'amd64', os.version: '10.0', java.version: '20'\nDriver info: org.openqa.selenium.chrome.ChromeDriver\nCommand: [null, findElement {using=xpath, value=//span[@id='ProjectsTabLink']}]\nCapabilities {acceptInsecureCerts: false, browserName: chrome, browserVersion: 113.0.5672.64, chrome: {chromedriverVersion: 112.0.5615.49 (bd2a7bcb881c..., userDataDir: C:\\Users\\MADHUG~1\\AppData\\L...}, goog:chromeOptions: {debuggerAddress: localhost:63064}, networkConnectionEnabled: false, pageLoadStrategy: normal, platformName: WINDOWS, proxy: Proxy(), se:cdp: ws://localhost:63064/devtoo..., se:cdpVersion: 113.0.5672.64, setWindowRect: true, strictFileInteractability: false, timeouts: {implicit: 0, pageLoad: 300000, script: 30000}, unhandledPromptBehavior: dismiss and notify, webauthn:extension:credBlob: true, webauthn:extension:largeBlob: true, webauthn:extension:minPinLength: true, webauthn:extension:prf: true, webauthn:virtualAuthenticators: true}\r\n\tat org.openqa.selenium.remote.HttpCommandExecutor.execute(HttpCommandExecutor.java:154)\r\n\tat org.openqa.selenium.remote.service.DriverCommandExecutor.invokeExecute(DriverCommandExecutor.java:183)\r\n\tat org.openqa.selenium.remote.service.DriverCommandExecutor.execute(DriverCommandExecutor.java:158)\r\n\tat org.openqa.selenium.remote.RemoteWebDriver.execute(RemoteWebDriver.java:543)\r\n\tat org.openqa.selenium.remote.ElementLocation$ElementFinder$2.findElement(ElementLocation.java:162)\r\n\tat org.openqa.selenium.remote.ElementLocation.findElement(ElementLocation.java:60)\r\n\tat org.openqa.selenium.remote.RemoteWebDriver.findElement(RemoteWebDriver.java:352)\r\n\tat org.openqa.selenium.remote.RemoteWebDriver.findElement(RemoteWebDriver.java:344)\r\n\tat org.openqa.selenium.support.pagefactory.DefaultElementLocator.findElement(DefaultElementLocator.java:70)\r\n\tat org.openqa.selenium.support.pagefactory.internal.LocatingElementHandler.invoke(LocatingElementHandler.java:39)\r\n\tat jdk.proxy2/jdk.proxy2.$Proxy21.isDisplayed(Unknown Source)\r\n\tat pages.homePage.iscreateproject(homePage.java:62)\r\n\tat stepDefinitions.loginsteps.useronHomepage(loginsteps.java:37)\r\n\tat ✽.user is on Homepage(file:///C:/Users/MadhuGali/eclipse-workspace/cucumberproject/src/test/resources/Features/sssresource.feature:33)\r\n","duration":897100,"status":"failed"},"line":33,"name":"user is on Homepage","match":{"location":"stepDefinitions.loginsteps.useronHomepage()"},"keyword":"Given "},{"result":{"status":"skipped"},"line":34,"name":"user clicked logout button","match":{"location":"stepDefinitions.loginsteps.click_logoutbtn()"},"keyword":"When "},{"result":{"status":"skipped"},"line":35,"name":"user successfully logged out of CP","match":{"location":"stepDefinitions.loginsteps.verify_loginpage()"},"keyword":"Then "}]}],"name":"feature to test login functionality","description":"","id":"feature-to-test-login-functionality","keyword":"Feature","uri":"file:src/test/resources/Features/sssresource.feature","tags":[]}]